<?xml version="1.0" encoding="UTF-8"?>
<testsuite xmlns:xsi="http://www.w3.org/2001/XMLSchema-instance" xsi:noNamespaceSchemaLocation="https://maven.apache.org/surefire/maven-surefire-plugin/xsd/surefire-test-report-3.0.xsd" version="3.0" name="Login Functionality of Tricentis" time="13.672" tests="2" errors="0" skipped="0" failures="0">
  <properties>
[...]
</properties>
  <testcase name="To Test the Login Functionality of Tricentis" classname="Login Functionality of Tricentis" time="13.672">
    <system-out><![CDATA[Login issuccess
]]></system-out>
    <system-err><![CDATA[Feb 15, 2024 1:30:30 PM org.openqa.selenium.devtools.CdpVersionFinder findNearestMatch
WARNING: Unable to find an exact match for CDP version 121, returning the closest version; found: 119; Please update to a Selenium version that supports CDP version 121
]]></system-err>
  </testcase>
  <testcase name="To Test the Login Functionality of Tricentis" classname="Login Functionality of Tricentis" time="12.994">
    <system-out><![CDATA[Login issuccess
]]></system-out>
    <system-err><![CDATA[Feb 15, 2024 1:30:30 PM org.openqa.selenium.devtools.CdpVersionFinder findNearestMatch
WARNING: Unable to find an exact match for CDP version 121, returning the closest version; found: 119; Please update to a Selenium version that supports CDP version 121
]]></system-err>
  </testcase>
</testsuite>